<?xml version="1.0" encoding="UTF-8"?>
<!-- Generated by org.testng.reporters.JUnitXMLReporter -->
<testsuite hostname="ejijo-in" name="Test" tests="1" failures="1" timestamp="29 May 2019 08:15:58 GMT" time="0.851" errors="0">
  <testcase name="xmlCreate" time="0.821" classname="TestEngine.XmlGenerator">
    <failure type="java.lang.IndexOutOfBoundsException" message="Index: 1, Size: 1">
      <![CDATA[java.lang.IndexOutOfBoundsException: Index: 1, Size: 1
	at java.util.ArrayList.rangeCheck(ArrayList.java:657)
	at java.util.ArrayList.get(ArrayList.java:433)
	at TestEngine.XmlGenerator.xmlCreate(XmlGenerator.java:69)
... Removed 24 stack frames]]>
    </failure>
  </testcase> <!-- xmlCreate -->
</testsuite> <!-- Test -->
